2024-03-26T14:13:51.954+03:00  INFO 2233 --- [restartedMain] o.s.b.w.embedded.tomcat.TomcatWebServer  : Tomcat initialized with port 8721 (http)
2024-03-26T14:15:13.556+03:00 DEBUG 2233 --- [restartedMain] o.h.t.d.sql.spi.DdlTypeRegistry          : addDescriptor(12, org.hibernate.type.descriptor.sql.internal.CapacityDependentDdlType@3675d99d) replaced previous registration(org.hibernate.type.descriptor.sql.internal.CapacityDependentDdlType@3254d1c2)
2024-03-26T14:15:13.911+03:00 DEBUG 2233 --- [restartedMain] o.h.t.d.sql.spi.DdlTypeRegistry          : addDescriptor(-9, org.hibernate.type.descriptor.sql.internal.CapacityDependentDdlType@611777b3) replaced previous registration(org.hibernate.type.descriptor.sql.internal.CapacityDependentDdlType@3125adb4)
2024-03-26T14:15:13.913+03:00 DEBUG 2233 --- [restartedMain] o.h.t.d.sql.spi.DdlTypeRegistry          : addDescriptor(-3, org.hibernate.type.descriptor.sql.internal.CapacityDependentDdlType@4cf57ecf) replaced previous registration(org.hibernate.type.descriptor.sql.internal.CapacityDependentDdlType@198bb58c)
2024-03-26T14:15:13.914+03:00 DEBUG 2233 --- [restartedMain] o.h.t.d.sql.spi.DdlTypeRegistry          : addDescriptor(4003, org.hibernate.type.descriptor.sql.internal.DdlTypeImpl@43fbe3e1) replaced previous registration(org.hibernate.type.descriptor.sql.internal.DdlTypeImpl@5f2fae27)
2024-03-26T14:15:13.915+03:00 DEBUG 2233 --- [restartedMain] o.h.t.d.sql.spi.DdlTypeRegistry          : addDescriptor(4001, org.hibernate.type.descriptor.sql.internal.DdlTypeImpl@38cbb00b) replaced previous registration(org.hibernate.type.descriptor.sql.internal.DdlTypeImpl@7c28454b)
2024-03-26T14:15:13.917+03:00 DEBUG 2233 --- [restartedMain] o.h.t.d.sql.spi.DdlTypeRegistry          : addDescriptor(4002, org.hibernate.type.descriptor.sql.internal.DdlTypeImpl@605055c4) replaced previous registration(org.hibernate.type.descriptor.sql.internal.DdlTypeImpl@42ac917f)
2024-03-26T14:15:13.918+03:00 DEBUG 2233 --- [restartedMain] o.h.t.d.sql.spi.DdlTypeRegistry          : addDescriptor(2004, org.hibernate.type.descriptor.sql.internal.CapacityDependentDdlType@27822ac9) replaced previous registration(org.hibernate.type.descriptor.sql.internal.DdlTypeImpl@193e216f)
2024-03-26T14:15:13.919+03:00 DEBUG 2233 --- [restartedMain] o.h.t.d.sql.spi.DdlTypeRegistry          : addDescriptor(2005, org.hibernate.type.descriptor.sql.internal.CapacityDependentDdlType@7b22a9f9) replaced previous registration(org.hibernate.type.descriptor.sql.internal.DdlTypeImpl@5da3f88b)
2024-03-26T14:15:13.919+03:00 DEBUG 2233 --- [restartedMain] o.h.t.d.sql.spi.DdlTypeRegistry          : addDescriptor(2011, org.hibernate.type.descriptor.sql.internal.CapacityDependentDdlType@6bc14594) replaced previous registration(org.hibernate.type.descriptor.sql.internal.DdlTypeImpl@31c34da)
2024-03-26T14:16:40.080+03:00  INFO 2233 --- [restartedMain] o.s.b.w.embedded.tomcat.TomcatWebServer  : Tomcat started on port 8721 (http) with context path '/backHayrama/api'
2024-03-26T14:22:05.491+03:00 DEBUG 2233 --- [http-nio-8721-exec-3] org.hibernate.SQL                        : select t1_0.id_test,t1_0.date,t1_0.nom from tests t1_0
2024-03-26T14:22:26.549+03:00 DEBUG 2233 --- [http-nio-8721-exec-4] org.hibernate.SQL                        : select t1_0.id_test,t1_0.date,t1_0.nom from tests t1_0
2024-03-26T14:29:20.753+03:00 DEBUG 2233 --- [http-nio-8721-exec-8] org.hibernate.SQL                        : select t1_0.id_test,t1_0.date,t1_0.nom from tests t1_0
2024-03-26T15:06:14.431+03:00  INFO 2233 --- [restartedMain] o.s.b.w.embedded.tomcat.TomcatWebServer  : Tomcat initialized with port 8721 (http)
2024-03-26T15:06:14.918+03:00 DEBUG 2233 --- [restartedMain] o.h.t.d.sql.spi.DdlTypeRegistry          : addDescriptor(12, org.hibernate.type.descriptor.sql.internal.CapacityDependentDdlType@34c218a3) replaced previous registration(org.hibernate.type.descriptor.sql.internal.CapacityDependentDdlType@6cf5db96)
2024-03-26T15:06:14.918+03:00 DEBUG 2233 --- [restartedMain] o.h.t.d.sql.spi.DdlTypeRegistry          : addDescriptor(-9, org.hibernate.type.descriptor.sql.internal.CapacityDependentDdlType@7bad13d5) replaced previous registration(org.hibernate.type.descriptor.sql.internal.CapacityDependentDdlType@44c11bac)
2024-03-26T15:06:14.934+03:00 DEBUG 2233 --- [restartedMain] o.h.t.d.sql.spi.DdlTypeRegistry          : addDescriptor(-3, org.hibernate.type.descriptor.sql.internal.CapacityDependentDdlType@60e21497) replaced previous registration(org.hibernate.type.descriptor.sql.internal.CapacityDependentDdlType@22095a76)
2024-03-26T15:06:14.944+03:00 DEBUG 2233 --- [restartedMain] o.h.t.d.sql.spi.DdlTypeRegistry          : addDescriptor(4003, org.hibernate.type.descriptor.sql.internal.DdlTypeImpl@31a9c659) replaced previous registration(org.hibernate.type.descriptor.sql.internal.DdlTypeImpl@7df9a7bb)
2024-03-26T15:06:14.945+03:00 DEBUG 2233 --- [restartedMain] o.h.t.d.sql.spi.DdlTypeRegistry          : addDescriptor(4001, org.hibernate.type.descriptor.sql.internal.DdlTypeImpl@dcf423f) replaced previous registration(org.hibernate.type.descriptor.sql.internal.DdlTypeImpl@65fd731a)
2024-03-26T15:06:14.945+03:00 DEBUG 2233 --- [restartedMain] o.h.t.d.sql.spi.DdlTypeRegistry          : addDescriptor(4002, org.hibernate.type.descriptor.sql.internal.DdlTypeImpl@1a19faf2) replaced previous registration(org.hibernate.type.descriptor.sql.internal.DdlTypeImpl@2a6d5275)
2024-03-26T15:06:14.945+03:00 DEBUG 2233 --- [restartedMain] o.h.t.d.sql.spi.DdlTypeRegistry          : addDescriptor(2004, org.hibernate.type.descriptor.sql.internal.CapacityDependentDdlType@5dc433bd) replaced previous registration(org.hibernate.type.descriptor.sql.internal.DdlTypeImpl@53affebc)
2024-03-26T15:06:14.946+03:00 DEBUG 2233 --- [restartedMain] o.h.t.d.sql.spi.DdlTypeRegistry          : addDescriptor(2005, org.hibernate.type.descriptor.sql.internal.CapacityDependentDdlType@6345051) replaced previous registration(org.hibernate.type.descriptor.sql.internal.DdlTypeImpl@468a5418)
2024-03-26T15:06:14.949+03:00 DEBUG 2233 --- [restartedMain] o.h.t.d.sql.spi.DdlTypeRegistry          : addDescriptor(2011, org.hibernate.type.descriptor.sql.internal.CapacityDependentDdlType@3aafdeaf) replaced previous registration(org.hibernate.type.descriptor.sql.internal.DdlTypeImpl@16d99d58)
2024-03-26T15:06:16.634+03:00  INFO 2233 --- [restartedMain] o.s.b.w.embedded.tomcat.TomcatWebServer  : Tomcat started on port 8721 (http) with context path '/backHayrama/api'
2024-03-26T15:06:53.930+03:00  INFO 2233 --- [restartedMain] o.s.b.w.embedded.tomcat.TomcatWebServer  : Tomcat initialized with port 8721 (http)
2024-03-26T15:06:54.339+03:00 DEBUG 2233 --- [restartedMain] o.h.t.d.sql.spi.DdlTypeRegistry          : addDescriptor(12, org.hibernate.type.descriptor.sql.internal.CapacityDependentDdlType@4edceae2) replaced previous registration(org.hibernate.type.descriptor.sql.internal.CapacityDependentDdlType@2cd8a22b)
2024-03-26T15:06:54.350+03:00 DEBUG 2233 --- [restartedMain] o.h.t.d.sql.spi.DdlTypeRegistry          : addDescriptor(-9, org.hibernate.type.descriptor.sql.internal.CapacityDependentDdlType@4e8d04ce) replaced previous registration(org.hibernate.type.descriptor.sql.internal.CapacityDependentDdlType@558ecf05)
2024-03-26T15:06:54.351+03:00 DEBUG 2233 --- [restartedMain] o.h.t.d.sql.spi.DdlTypeRegistry          : addDescriptor(-3, org.hibernate.type.descriptor.sql.internal.CapacityDependentDdlType@7c2cb4ac) replaced previous registration(org.hibernate.type.descriptor.sql.internal.CapacityDependentDdlType@158c88f8)
2024-03-26T15:06:54.353+03:00 DEBUG 2233 --- [restartedMain] o.h.t.d.sql.spi.DdlTypeRegistry          : addDescriptor(4003, org.hibernate.type.descriptor.sql.internal.DdlTypeImpl@330155f3) replaced previous registration(org.hibernate.type.descriptor.sql.internal.DdlTypeImpl@10d44271)
2024-03-26T15:06:54.356+03:00 DEBUG 2233 --- [restartedMain] o.h.t.d.sql.spi.DdlTypeRegistry          : addDescriptor(4001, org.hibernate.type.descriptor.sql.internal.DdlTypeImpl@9441d13) replaced previous registration(org.hibernate.type.descriptor.sql.internal.DdlTypeImpl@78fe9f8b)
2024-03-26T15:06:54.364+03:00 DEBUG 2233 --- [restartedMain] o.h.t.d.sql.spi.DdlTypeRegistry          : addDescriptor(4002, org.hibernate.type.descriptor.sql.internal.DdlTypeImpl@4169f3aa) replaced previous registration(org.hibernate.type.descriptor.sql.internal.DdlTypeImpl@731cf63c)
2024-03-26T15:06:54.383+03:00 DEBUG 2233 --- [restartedMain] o.h.t.d.sql.spi.DdlTypeRegistry          : addDescriptor(2004, org.hibernate.type.descriptor.sql.internal.CapacityDependentDdlType@5a99c1c9) replaced previous registration(org.hibernate.type.descriptor.sql.internal.DdlTypeImpl@56171fd6)
2024-03-26T15:06:54.397+03:00 DEBUG 2233 --- [restartedMain] o.h.t.d.sql.spi.DdlTypeRegistry          : addDescriptor(2005, org.hibernate.type.descriptor.sql.internal.CapacityDependentDdlType@58ed421d) replaced previous registration(org.hibernate.type.descriptor.sql.internal.DdlTypeImpl@4c54f22a)
2024-03-26T15:06:54.402+03:00 DEBUG 2233 --- [restartedMain] o.h.t.d.sql.spi.DdlTypeRegistry          : addDescriptor(2011, org.hibernate.type.descriptor.sql.internal.CapacityDependentDdlType@58d7e5e0) replaced previous registration(org.hibernate.type.descriptor.sql.internal.DdlTypeImpl@36d0a883)
2024-03-26T15:06:55.717+03:00  INFO 2233 --- [restartedMain] o.s.b.w.embedded.tomcat.TomcatWebServer  : Tomcat started on port 8721 (http) with context path '/backHayrama/api'
2024-03-26T15:08:14.524+03:00  INFO 2233 --- [restartedMain] o.s.b.w.embedded.tomcat.TomcatWebServer  : Tomcat initialized with port 8721 (http)
2024-03-26T15:08:14.790+03:00 DEBUG 2233 --- [restartedMain] o.h.t.d.sql.spi.DdlTypeRegistry          : addDescriptor(12, org.hibernate.type.descriptor.sql.internal.CapacityDependentDdlType@48a9f770) replaced previous registration(org.hibernate.type.descriptor.sql.internal.CapacityDependentDdlType@28c8db92)
2024-03-26T15:08:14.791+03:00 DEBUG 2233 --- [restartedMain] o.h.t.d.sql.spi.DdlTypeRegistry          : addDescriptor(-9, org.hibernate.type.descriptor.sql.internal.CapacityDependentDdlType@58564b85) replaced previous registration(org.hibernate.type.descriptor.sql.internal.CapacityDependentDdlType@204a7c4)
2024-03-26T15:08:14.791+03:00 DEBUG 2233 --- [restartedMain] o.h.t.d.sql.spi.DdlTypeRegistry          : addDescriptor(-3, org.hibernate.type.descriptor.sql.internal.CapacityDependentDdlType@591c283) replaced previous registration(org.hibernate.type.descriptor.sql.internal.CapacityDependentDdlType@6b6b8de8)
2024-03-26T15:08:14.792+03:00 DEBUG 2233 --- [restartedMain] o.h.t.d.sql.spi.DdlTypeRegistry          : addDescriptor(4003, org.hibernate.type.descriptor.sql.internal.DdlTypeImpl@18be963) replaced previous registration(org.hibernate.type.descriptor.sql.internal.DdlTypeImpl@26964411)
2024-03-26T15:08:14.792+03:00 DEBUG 2233 --- [restartedMain] o.h.t.d.sql.spi.DdlTypeRegistry          : addDescriptor(4001, org.hibernate.type.descriptor.sql.internal.DdlTypeImpl@2d180f9a) replaced previous registration(org.hibernate.type.descriptor.sql.internal.DdlTypeImpl@1a2bd31c)
2024-03-26T15:08:14.793+03:00 DEBUG 2233 --- [restartedMain] o.h.t.d.sql.spi.DdlTypeRegistry          : addDescriptor(4002, org.hibernate.type.descriptor.sql.internal.DdlTypeImpl@4435f1cb) replaced previous registration(org.hibernate.type.descriptor.sql.internal.DdlTypeImpl@50978390)
2024-03-26T15:08:14.793+03:00 DEBUG 2233 --- [restartedMain] o.h.t.d.sql.spi.DdlTypeRegistry          : addDescriptor(2004, org.hibernate.type.descriptor.sql.internal.CapacityDependentDdlType@3d9e32c7) replaced previous registration(org.hibernate.type.descriptor.sql.internal.DdlTypeImpl@79e9b55b)
2024-03-26T15:08:14.794+03:00 DEBUG 2233 --- [restartedMain] o.h.t.d.sql.spi.DdlTypeRegistry          : addDescriptor(2005, org.hibernate.type.descriptor.sql.internal.CapacityDependentDdlType@12b9b804) replaced previous registration(org.hibernate.type.descriptor.sql.internal.DdlTypeImpl@7ede32c0)
2024-03-26T15:08:14.794+03:00 DEBUG 2233 --- [restartedMain] o.h.t.d.sql.spi.DdlTypeRegistry          : addDescriptor(2011, org.hibernate.type.descriptor.sql.internal.CapacityDependentDdlType@321a2fd6) replaced previous registration(org.hibernate.type.descriptor.sql.internal.DdlTypeImpl@6ed07a3)
2024-03-26T15:08:15.910+03:00  INFO 2233 --- [restartedMain] o.s.b.w.embedded.tomcat.TomcatWebServer  : Tomcat started on port 8721 (http) with context path '/backHayrama/api'
2024-03-26T15:09:05.981+03:00  INFO 2233 --- [restartedMain] o.s.b.w.embedded.tomcat.TomcatWebServer  : Tomcat initialized with port 8721 (http)
2024-03-26T15:09:06.323+03:00 DEBUG 2233 --- [restartedMain] o.h.t.d.sql.spi.DdlTypeRegistry          : addDescriptor(12, org.hibernate.type.descriptor.sql.internal.CapacityDependentDdlType@1f70929a) replaced previous registration(org.hibernate.type.descriptor.sql.internal.CapacityDependentDdlType@5aa57495)
2024-03-26T15:09:06.324+03:00 DEBUG 2233 --- [restartedMain] o.h.t.d.sql.spi.DdlTypeRegistry          : addDescriptor(-9, org.hibernate.type.descriptor.sql.internal.CapacityDependentDdlType@6d628fca) replaced previous registration(org.hibernate.type.descriptor.sql.internal.CapacityDependentDdlType@13ce37c1)
2024-03-26T15:09:06.325+03:00 DEBUG 2233 --- [restartedMain] o.h.t.d.sql.spi.DdlTypeRegistry          : addDescriptor(-3, org.hibernate.type.descriptor.sql.internal.CapacityDependentDdlType@8b18360) replaced previous registration(org.hibernate.type.descriptor.sql.internal.CapacityDependentDdlType@79c15f3f)
2024-03-26T15:09:06.326+03:00 DEBUG 2233 --- [restartedMain] o.h.t.d.sql.spi.DdlTypeRegistry          : addDescriptor(4003, org.hibernate.type.descriptor.sql.internal.DdlTypeImpl@249312) replaced previous registration(org.hibernate.type.descriptor.sql.internal.DdlTypeImpl@62b6cce8)
2024-03-26T15:09:06.327+03:00 DEBUG 2233 --- [restartedMain] o.h.t.d.sql.spi.DdlTypeRegistry          : addDescriptor(4001, org.hibernate.type.descriptor.sql.internal.DdlTypeImpl@6698e95d) replaced previous registration(org.hibernate.type.descriptor.sql.internal.DdlTypeImpl@15d36a16)
2024-03-26T15:09:06.327+03:00 DEBUG 2233 --- [restartedMain] o.h.t.d.sql.spi.DdlTypeRegistry          : addDescriptor(4002, org.hibernate.type.descriptor.sql.internal.DdlTypeImpl@31cbc7bd) replaced previous registration(org.hibernate.type.descriptor.sql.internal.DdlTypeImpl@65ce9ce0)
2024-03-26T15:09:06.327+03:00 DEBUG 2233 --- [restartedMain] o.h.t.d.sql.spi.DdlTypeRegistry          : addDescriptor(2004, org.hibernate.type.descriptor.sql.internal.CapacityDependentDdlType@443d5305) replaced previous registration(org.hibernate.type.descriptor.sql.internal.DdlTypeImpl@4ab0124e)
2024-03-26T15:09:06.328+03:00 DEBUG 2233 --- [restartedMain] o.h.t.d.sql.spi.DdlTypeRegistry          : addDescriptor(2005, org.hibernate.type.descriptor.sql.internal.CapacityDependentDdlType@2529d28a) replaced previous registration(org.hibernate.type.descriptor.sql.internal.DdlTypeImpl@34917353)
2024-03-26T15:09:06.328+03:00 DEBUG 2233 --- [restartedMain] o.h.t.d.sql.spi.DdlTypeRegistry          : addDescriptor(2011, org.hibernate.type.descriptor.sql.internal.CapacityDependentDdlType@1a1aabbf) replaced previous registration(org.hibernate.type.descriptor.sql.internal.DdlTypeImpl@5072e8d0)
2024-03-26T15:09:09.824+03:00  INFO 2233 --- [restartedMain] o.s.b.w.embedded.tomcat.TomcatWebServer  : Tomcat started on port 8721 (http) with context path '/backHayrama/api'
2024-03-26T15:11:10.248+03:00  INFO 2233 --- [restartedMain] o.s.b.w.embedded.tomcat.TomcatWebServer  : Tomcat initialized with port 8721 (http)
2024-03-26T15:11:11.446+03:00 DEBUG 2233 --- [restartedMain] o.h.t.d.sql.spi.DdlTypeRegistry          : addDescriptor(12, org.hibernate.type.descriptor.sql.internal.CapacityDependentDdlType@16312ec0) replaced previous registration(org.hibernate.type.descriptor.sql.internal.CapacityDependentDdlType@479ecb67)
2024-03-26T15:11:11.458+03:00 DEBUG 2233 --- [restartedMain] o.h.t.d.sql.spi.DdlTypeRegistry          : addDescriptor(-9, org.hibernate.type.descriptor.sql.internal.CapacityDependentDdlType@7963f411) replaced previous registration(org.hibernate.type.descriptor.sql.internal.CapacityDependentDdlType@4db8d42c)
2024-03-26T15:11:11.459+03:00 DEBUG 2233 --- [restartedMain] o.h.t.d.sql.spi.DdlTypeRegistry          : addDescriptor(-3, org.hibernate.type.descriptor.sql.internal.CapacityDependentDdlType@5260b475) replaced previous registration(org.hibernate.type.descriptor.sql.internal.CapacityDependentDdlType@639498ad)
2024-03-26T15:11:11.465+03:00 DEBUG 2233 --- [restartedMain] o.h.t.d.sql.spi.DdlTypeRegistry          : addDescriptor(4003, org.hibernate.type.descriptor.sql.internal.DdlTypeImpl@5b13bb2) replaced previous registration(org.hibernate.type.descriptor.sql.internal.DdlTypeImpl@e23969c)
2024-03-26T15:11:11.465+03:00 DEBUG 2233 --- [restartedMain] o.h.t.d.sql.spi.DdlTypeRegistry          : addDescriptor(4001, org.hibernate.type.descriptor.sql.internal.DdlTypeImpl@59375831) replaced previous registration(org.hibernate.type.descriptor.sql.internal.DdlTypeImpl@1e21f24a)
2024-03-26T15:11:11.669+03:00 DEBUG 2233 --- [restartedMain] o.h.t.d.sql.spi.DdlTypeRegistry          : addDescriptor(4002, org.hibernate.type.descriptor.sql.internal.DdlTypeImpl@12c13697) replaced previous registration(org.hibernate.type.descriptor.sql.internal.DdlTypeImpl@c4c525)
2024-03-26T15:11:11.701+03:00 DEBUG 2233 --- [restartedMain] o.h.t.d.sql.spi.DdlTypeRegistry          : addDescriptor(2004, org.hibernate.type.descriptor.sql.internal.CapacityDependentDdlType@63d1e3dc) replaced previous registration(org.hibernate.type.descriptor.sql.internal.DdlTypeImpl@7273ee4e)
2024-03-26T15:11:11.733+03:00 DEBUG 2233 --- [restartedMain] o.h.t.d.sql.spi.DdlTypeRegistry          : addDescriptor(2005, org.hibernate.type.descriptor.sql.internal.CapacityDependentDdlType@699d0b19) replaced previous registration(org.hibernate.type.descriptor.sql.internal.DdlTypeImpl@4f5606e2)
2024-03-26T15:11:11.744+03:00 DEBUG 2233 --- [restartedMain] o.h.t.d.sql.spi.DdlTypeRegistry          : addDescriptor(2011, org.hibernate.type.descriptor.sql.internal.CapacityDependentDdlType@23f5c3d7) replaced previous registration(org.hibernate.type.descriptor.sql.internal.DdlTypeImpl@4e995879)
2024-03-26T15:11:14.401+03:00  INFO 2233 --- [restartedMain] o.s.b.w.embedded.tomcat.TomcatWebServer  : Tomcat started on port 8721 (http) with context path '/backHayrama/api'
2024-03-26T15:11:19.861+03:00  INFO 2233 --- [restartedMain] o.s.b.w.embedded.tomcat.TomcatWebServer  : Tomcat initialized with port 8721 (http)
2024-03-26T15:11:21.914+03:00 DEBUG 2233 --- [restartedMain] o.h.t.d.sql.spi.DdlTypeRegistry          : addDescriptor(12, org.hibernate.type.descriptor.sql.internal.CapacityDependentDdlType@209228f4) replaced previous registration(org.hibernate.type.descriptor.sql.internal.CapacityDependentDdlType@6edac79a)
2024-03-26T15:11:21.915+03:00 DEBUG 2233 --- [restartedMain] o.h.t.d.sql.spi.DdlTypeRegistry          : addDescriptor(-9, org.hibernate.type.descriptor.sql.internal.CapacityDependentDdlType@dd9302e) replaced previous registration(org.hibernate.type.descriptor.sql.internal.CapacityDependentDdlType@270bb90)
2024-03-26T15:11:21.916+03:00 DEBUG 2233 --- [restartedMain] o.h.t.d.sql.spi.DdlTypeRegistry          : addDescriptor(-3, org.hibernate.type.descriptor.sql.internal.CapacityDependentDdlType@3314e6a2) replaced previous registration(org.hibernate.type.descriptor.sql.internal.CapacityDependentDdlType@b4a014d)
2024-03-26T15:11:21.916+03:00 DEBUG 2233 --- [restartedMain] o.h.t.d.sql.spi.DdlTypeRegistry          : addDescriptor(4003, org.hibernate.type.descriptor.sql.internal.DdlTypeImpl@4fd6184a) replaced previous registration(org.hibernate.type.descriptor.sql.internal.DdlTypeImpl@48fd961b)
2024-03-26T15:11:21.916+03:00 DEBUG 2233 --- [restartedMain] o.h.t.d.sql.spi.DdlTypeRegistry          : addDescriptor(4001, org.hibernate.type.descriptor.sql.internal.DdlTypeImpl@5cc84850) replaced previous registration(org.hibernate.type.descriptor.sql.internal.DdlTypeImpl@7d36aed)
2024-03-26T15:11:21.917+03:00 DEBUG 2233 --- [restartedMain] o.h.t.d.sql.spi.DdlTypeRegistry          : addDescriptor(4002, org.hibernate.type.descriptor.sql.internal.DdlTypeImpl@78b83615) replaced previous registration(org.hibernate.type.descriptor.sql.internal.DdlTypeImpl@5c513a57)
2024-03-26T15:11:21.921+03:00 DEBUG 2233 --- [restartedMain] o.h.t.d.sql.spi.DdlTypeRegistry          : addDescriptor(2004, org.hibernate.type.descriptor.sql.internal.CapacityDependentDdlType@42c56345) replaced previous registration(org.hibernate.type.descriptor.sql.internal.DdlTypeImpl@5eddfdf2)
2024-03-26T15:11:21.922+03:00 DEBUG 2233 --- [restartedMain] o.h.t.d.sql.spi.DdlTypeRegistry          : addDescriptor(2005, org.hibernate.type.descriptor.sql.internal.CapacityDependentDdlType@676c60a2) replaced previous registration(org.hibernate.type.descriptor.sql.internal.DdlTypeImpl@32ba7d9a)
2024-03-26T15:11:21.923+03:00 DEBUG 2233 --- [restartedMain] o.h.t.d.sql.spi.DdlTypeRegistry          : addDescriptor(2011, org.hibernate.type.descriptor.sql.internal.CapacityDependentDdlType@5b8cffc3) replaced previous registration(org.hibernate.type.descriptor.sql.internal.DdlTypeImpl@6a0fab2d)
2024-03-26T15:11:25.467+03:00  INFO 2233 --- [restartedMain] o.s.b.w.embedded.tomcat.TomcatWebServer  : Tomcat started on port 8721 (http) with context path '/backHayrama/api'
